SF:lib/src/features/home/data/datasources/home_datasource.dart
DA:9,0
DA:10,0
DA:19,1
DA:21,1
DA:23,3
DA:24,2
DA:25,3
DA:27,0
LF:8
LH:5
end_of_record
SF:lib/src/features/home/domain/entities/address_entity.dart
DA:8,5
DA:16,1
DA:18,6
LF:3
LH:3
end_of_record
SF:lib/src/core/endpoints/endpoints.dart
DA:2,0
DA:4,1
DA:5,2
LF:3
LH:2
end_of_record
SF:lib/src/features/home/data/models/address_model.dart
DA:4,1
DA:12,1
DA:13,1
DA:14,1
DA:15,1
DA:16,1
DA:17,1
DA:18,1
LF:8
LH:8
end_of_record
SF:lib/src/features/home/data/repositories/home_repository_impl.dart
DA:9,1
DA:11,1
DA:14,1
DA:15,0
DA:17,2
DA:18,0
DA:20,2
DA:21,1
DA:23,2
LF:9
LH:7
end_of_record
SF:lib/src/features/home/domain/repositories/home_repository.dart
DA:8,0
DA:9,0
LF:2
LH:0
end_of_record
SF:lib/src/core/errors/failure.dart
DA:3,5
LF:1
LH:1
end_of_record
SF:lib/src/features/home/domain/usecases/get_address_by_cep_usecase.dart
DA:7,0
DA:8,0
DA:9,0
DA:10,0
DA:20,1
DA:22,1
DA:24,2
LF:7
LH:3
end_of_record
SF:lib/src/features/home/presentation/view_models/home_view_model.dart
DA:6,6
DA:7,3
DA:8,0
DA:9,0
DA:15,4
DA:16,8
DA:18,3
DA:20,2
DA:21,4
DA:22,4
DA:23,4
DA:24,2
DA:25,4
LF:13
LH:11
end_of_record
SF:lib/src/features/home/presentation/view_models/home_view_model_state.dart
DA:6,4
DA:10,4
DA:17,3
LF:3
LH:3
end_of_record
SF:lib/src/features/home/presentation/views/home_view.dart
DA:10,1
DA:12,1
DA:14,2
DA:16,1
DA:17,1
DA:19,1
DA:20,1
LF:7
LH:7
end_of_record
SF:lib/src/features/home/presentation/views/widgets/home_view_content_widget.dart
DA:7,5
DA:9,2
DA:10,2
DA:16,2
DA:18,4
DA:19,9
DA:21,2
DA:24,2
DA:26,4
DA:27,2
DA:30,2
DA:32,6
DA:33,8
DA:35,2
DA:37,2
DA:38,2
DA:39,2
DA:40,2
DA:42,2
DA:49,3
DA:50,1
DA:52,1
DA:53,1
DA:54,1
DA:56,1
DA:57,2
DA:63,2
DA:64,2
DA:65,2
DA:66,2
DA:67,1
DA:68,3
LF:32
LH:32
end_of_record
SF:lib/src/features/home/presentation/views/widgets/home_view_error_widget.dart
DA:7,5
DA:9,2
DA:11,6
DA:12,4
DA:14,2
DA:15,2
DA:17,2
DA:18,6
DA:19,2
DA:20,2
LF:10
LH:10
end_of_record
SF:lib/src/features/home/presentation/views/widgets/home_view_loading_widget.dart
DA:4,5
DA:6,2
DA:8,6
LF:3
LH:3
end_of_record
SF:lib/src/core/utils/formatters.dart
DA:4,0
DA:6,4
DA:7,2
DA:8,2
DA:9,3
DA:10,2
DA:11,2
DA:12,1
DA:13,3
DA:14,3
LF:10
LH:9
end_of_record
